This file contains any messages produced by compilers while
running configure, to aid debugging if configure makes a mistake.

It was created by configure, which was
generated by GNU Autoconf 2.57.  Invocation command line was

  $ ./configure --with-blochlib=/usr/local --with-atlas=/usr/local/lib --with-fftw3=/usr/local

## --------- ##
## Platform. ##
## --------- ##

hostname = zipper.local.
uname -m = Power Macintosh
uname -r = 6.6
uname -s = Darwin
uname -v = Darwin Kernel Version 6.6: Thu May  1 21:48:54 PDT 2003; root:xnu/xnu-344.34.obj~1/RELEASE_PPC 

/usr/bin/uname -p = powerpc
/bin/uname -X     = unknown

/bin/arch              = unknown
/usr/bin/arch -k       = unknown
/usr/convex/getsysinfo = unknown
hostinfo               = Mach kernel version:
	 Darwin Kernel Version 6.6:
Thu May  1 21:48:54 PDT 2003; root:xnu/xnu-344.34.obj~1/RELEASE_PPC


Kernel configured for up to 2 processors.
1 processor is physically available.
Processor type: ppc7450 (PowerPC 7450)
Processor active: 0
Primary memory available: 512.00 megabytes.
Default processor set: 58 tasks, 233 threads, 1 processors
Load average: 1.06, Mach factor: 0.53
unknown
/bin/machine           = unknown
/usr/bin/oslevel       = unknown
/bin/universe          = unknown

PATH: /usr/local/bin
PATH: /usr/bin
PATH: /bin
PATH: /usr/local/sbin
PATH: /usr/sbin
PATH: /opt/ant/bin
PATH: /opt/xindice/bin
PATH: /opt/batik
PATH: /opt/java/bin
PATH: /opt/fop
PATH: /opt/xalan/bin
PATH: /opt/bin
PATH: /sbin
PATH: /bin
PATH: .
PATH: /Users/bo/bin
PATH: /usr/bin/X11
PATH: /usr/local/gmt/bin


## ----------- ##
## Core tests. ##
## ----------- ##

configure:1333: checking for a BSD-compatible install
configure:1387: result: /usr/bin/install -c
configure:1398: checking whether build environment is sane
configure:1441: result: yes
configure:1474: checking for gawk
configure:1503: result: no
configure:1474: checking for mawk
configure:1503: result: no
configure:1474: checking for nawk
configure:1503: result: no
configure:1474: checking for awk
configure:1490: found /usr/bin/awk
configure:1500: result: awk
configure:1510: checking whether make sets $(MAKE)
configure:1530: result: yes
configure:1710: checking for style of include used by make
configure:1738: result: GNU
configure:1809: checking for gcc
configure:1825: found /usr/bin/gcc
configure:1835: result: gcc
configure:2079: checking for C compiler version
configure:2082: gcc --version </dev/null >&5
gcc (GCC) 3.3 20030304 (Apple Computer, Inc. build 1435)
Copyright (C) 2002 Free Software Foundation, Inc.
This is free software; see the source for copying conditions.  There is NO
warranty; not even for MERCHANTABILITY or FITNESS FOR A PARTICULAR PURPOSE.

configure:2085: $? = 0
configure:2087: gcc -v </dev/null >&5
Reading specs from /usr/libexec/gcc/darwin/ppc/3.3/specs
Thread model: posix
gcc version 3.3 20030304 (Apple Computer, Inc. build 1435)
configure:2090: $? = 0
configure:2092: gcc -V </dev/null >&5
gcc: `-V' option must have argument
configure:2095: $? = 1
configure:2119: checking for C compiler default output
configure:2122: gcc    conftest.c  >&5
configure:2125: $? = 0
configure:2171: result: a.out
configure:2176: checking whether the C compiler works
configure:2182: ./a.out
configure:2185: $? = 0
configure:2202: result: yes
configure:2209: checking whether we are cross compiling
configure:2211: result: no
configure:2214: checking for suffix of executables
configure:2216: gcc -o conftest    conftest.c  >&5
configure:2219: $? = 0
configure:2244: result: 
configure:2250: checking for suffix of object files
configure:2272: gcc -c   conftest.c >&5
configure:2275: $? = 0
configure:2297: result: o
configure:2301: checking whether we are using the GNU C compiler
configure:2326: gcc -c   conftest.c >&5
configure:2329: $? = 0
configure:2332: test -s conftest.o
configure:2335: $? = 0
configure:2348: result: yes
configure:2354: checking whether gcc accepts -g
configure:2376: gcc -c -g  conftest.c >&5
configure:2379: $? = 0
configure:2382: test -s conftest.o
configure:2385: $? = 0
configure:2396: result: yes
configure:2413: checking for gcc option to accept ANSI C
configure:2474: gcc  -c -g -O2  conftest.c >&5
configure:2477: $? = 0
configure:2480: test -s conftest.o
configure:2483: $? = 0
configure:2501: result: none needed
configure:2519: gcc -c -g -O2  conftest.c >&5
conftest.c:2: error: parse error before "me"
configure:2522: $? = 1
configure: failed program was:
| #ifndef __cplusplus
|   choke me
| #endif
configure:2633: checking dependency style of gcc
configure:2716: result: gcc3
configure:2734: checking for library containing strerror
configure:2765: gcc -o conftest -g -O2   conftest.c  >&5
configure:2768: $? = 0
configure:2771: test -s conftest
configure:2774: $? = 0
configure:2833: result: none required
configure:2893: checking for g++
configure:2909: found /usr/bin/g++
configure:2919: result: g++
configure:2935: checking for C++ compiler version
configure:2938: g++ --version </dev/null >&5
g++ (GCC) 3.3 20030304 (Apple Computer, Inc. build 1435)
Copyright (C) 2002 Free Software Foundation, Inc.
This is free software; see the source for copying conditions.  There is NO
warranty; not even for MERCHANTABILITY or FITNESS FOR A PARTICULAR PURPOSE.

configure:2941: $? = 0
configure:2943: g++ -v </dev/null >&5
Reading specs from /usr/libexec/gcc/darwin/ppc/3.3/specs
Thread model: posix
gcc version 3.3 20030304 (Apple Computer, Inc. build 1435)
configure:2946: $? = 0
configure:2948: g++ -V </dev/null >&5
g++: `-V' option must have argument
configure:2951: $? = 1
configure:2954: checking whether we are using the GNU C++ compiler
configure:2979: g++ -c   conftest.cc >&5
configure:2982: $? = 0
configure:2985: test -s conftest.o
configure:2988: $? = 0
configure:3001: result: yes
configure:3007: checking whether g++ accepts -g
configure:3029: g++ -c -g  conftest.cc >&5
configure:3032: $? = 0
configure:3035: test -s conftest.o
configure:3038: $? = 0
configure:3049: result: yes
configure:3093: g++ -c -g -O2  conftest.cc >&5
configure:3096: $? = 0
configure:3099: test -s conftest.o
configure:3102: $? = 0
configure:3129: g++ -c -g -O2  conftest.cc >&5
configure: In function `int main()':
configure:3126: error: `exit' undeclared (first use this function)
configure:3126: error: (Each undeclared identifier is reported only once for 
   each function it appears in.)
configure:3132: $? = 1
configure: failed program was:
| #line 3112 "configure"
| /* confdefs.h.  */
| 
| #define PACKAGE_NAME ""
| #define PACKAGE_TARNAME ""
| #define PACKAGE_VERSION ""
| #define PACKAGE_STRING ""
| #define PACKAGE_BUGREPORT ""
| #define PACKAGE "solid"
| #define VERSION "2.0"
| /* end confdefs.h.  */
| 
| int
| main ()
| {
| exit (42);
|   ;
|   return 0;
| }
configure:3093: g++ -c -g -O2  conftest.cc >&5
configure:3096: $? = 0
configure:3099: test -s conftest.o
configure:3102: $? = 0
configure:3129: g++ -c -g -O2  conftest.cc >&5
configure:3132: $? = 0
configure:3135: test -s conftest.o
configure:3138: $? = 0
configure:3163: checking dependency style of g++
configure:3246: result: gcc3
configure:3265: checking whether we are using gcc 2.95 or later
configure:3279: g++ -E conftest.c
configure:3282: $? = 0
configure:3290: result: yes
configure:3302: checking whether we are using gcc . or later
configure:3314: g++ -E conftest.c
configure:3317: $? = 0
configure:3325: result: 
configure:3382: checking for gcc
configure:3408: result: gcc
configure:3652: checking for C compiler version
configure:3655: gcc --version </dev/null >&5
gcc (GCC) 3.3 20030304 (Apple Computer, Inc. build 1435)
Copyright (C) 2002 Free Software Foundation, Inc.
This is free software; see the source for copying conditions.  There is NO
warranty; not even for MERCHANTABILITY or FITNESS FOR A PARTICULAR PURPOSE.

configure:3658: $? = 0
configure:3660: gcc -v </dev/null >&5
Reading specs from /usr/libexec/gcc/darwin/ppc/3.3/specs
Thread model: posix
gcc version 3.3 20030304 (Apple Computer, Inc. build 1435)
configure:3663: $? = 0
configure:3665: gcc -V </dev/null >&5
gcc: `-V' option must have argument
configure:3668: $? = 1
configure:3671: checking whether we are using the GNU C compiler
configure:3718: result: yes
configure:3724: checking whether gcc accepts -g
configure:3766: result: yes
configure:3783: checking for gcc option to accept ANSI C
configure:3871: result: none needed
configure:3889: gcc -c -g -O2  conftest.c >&5
conftest.c:2: error: parse error before "me"
configure:3892: $? = 1
configure: failed program was:
| #ifndef __cplusplus
|   choke me
| #endif
configure:4003: checking dependency style of gcc
configure:4086: result: gcc3
configure:4197: checking for C++ compiler version
configure:4200: g++ --version </dev/null >&5
g++ (GCC) 3.3 20030304 (Apple Computer, Inc. build 1435)
Copyright (C) 2002 Free Software Foundation, Inc.
This is free software; see the source for copying conditions.  There is NO
warranty; not even for MERCHANTABILITY or FITNESS FOR A PARTICULAR PURPOSE.

configure:4203: $? = 0
configure:4205: g++ -v </dev/null >&5
Reading specs from /usr/libexec/gcc/darwin/ppc/3.3/specs
Thread model: posix
gcc version 3.3 20030304 (Apple Computer, Inc. build 1435)
configure:4208: $? = 0
configure:4210: g++ -V </dev/null >&5
g++: `-V' option must have argument
configure:4213: $? = 1
configure:4216: checking whether we are using the GNU C++ compiler
configure:4263: result: yes
configure:4269: checking whether g++ accepts -g
configure:4311: result: yes
configure:4355: g++ -c -g -O2  conftest.cc >&5
configure:4358: $? = 0
configure:4361: test -s conftest.o
configure:4364: $? = 0
configure:4391: g++ -c -g -O2  conftest.cc >&5
configure:4394: $? = 0
configure:4397: test -s conftest.o
configure:4400: $? = 0
configure:4425: checking dependency style of g++
configure:4508: result: gcc3
configure:4594: checking build system type
configure:4612: result: powerpc-apple-darwin6.6
configure:4620: checking host system type
configure:4634: result: powerpc-apple-darwin6.6
configure:4707: checking whether g++ accepts -fstrict-aliasing
configure:4721: result: yes
configure:4735: checking whether g++ accepts -funroll-loops
configure:4749: result: yes
configure:4762: checking whether g++ accepts -finline-functions
configure:4776: result: yes
configure:4789: checking whether g++ accepts -ftemplate-depth-40
configure:4803: result: yes
configure:5021: checking whether g++ accepts -mcpu=powerpc
configure:5035: result: yes
configure:5094: checking whether g++ accepts -O3 -fomit-frame-pointer -W -Wcast-qual -Wpointer-arith -Wcast-align -pedantic -fstrict-aliasing -funroll-loops -finline-functions -ftemplate-depth-40 -mcpu=powerpc
configure:5108: result: yes
configure:5162: checking for functioning BlochLib library 
configure:5174: result: yes
configure:5209: checking for ATLAS libraries 
configure:5229: result: yes
configure:5320: checking for mpiCC
configure:5349: result: no
configure:5320: checking for hcc
configure:5349: result: no
configure:5571: checking for functioning FFTW Version 3 library 
configure:5614: g++ -I/usr/local/include -L/usr/local/lib -o conftest -g -O2   conftest.c -lfftw3  -L/usr/local/lib -lcblas -latlas  >&5
configure:5617: $? = 0
configure:5619: ./conftest
configure:5622: $? = 1
configure: program exited with status 1
configure: failed program was:
| #line 5583 "configure"
| /* confdefs.h.  */
| 
| #define PACKAGE_NAME ""
| #define PACKAGE_TARNAME ""
| #define PACKAGE_VERSION ""
| #define PACKAGE_STRING ""
| #define PACKAGE_BUGREPORT ""
| #define PACKAGE "solid"
| #define VERSION "2.0"
| #ifdef __cplusplus
| #include <stdlib.h>
| #endif
| /* end confdefs.h.  */
| 
| 
| 	#include <fftw3.h>
| 	int main(int argc, char *argv[]){
| 		const int N=33;
| 		fftw_complex *in, *out;
| 		fftw_plan p;
| 		in =new fftw_complex[N];
| 		out =new fftw_complex[N];
| 		p = fftw_plan_dft_1d(N, in, out, FFTW_FORWARD, FFTW_ESTIMATE);
| 		for(int j=0;j<N;++j){
| 				in[j][0]=double(j% 4);
| 				in[j][1]=double(-j%4);
| 		}
| 
| 		fftw_execute(p); /* repeat as needed */
| 		fftw_destroy_plan(p);
| 		delete [] in; delete [] out;
| 		return 1;
| 	}
| 
| 
configure:5645: result: no
configure:5654: checking whether g++ accepts -O3 -fomit-frame-pointer -W -Wcast-qual -Wpointer-arith -Wcast-align -pedantic -fstrict-aliasing -funroll-loops -finline-functions -ftemplate-depth-40 -mcpu=powerpc
configure:5668: result: yes
configure:5690: checking how to run the C preprocessor
configure:5726: gcc -E  conftest.c
configure:5732: $? = 0
configure:5764: gcc -E  conftest.c
configure:5769:28: ac_nonexistent.h: No such file or directory
configure:5770: $? = 1
configure: failed program was:
| #line 5755 "configure"
| /* confdefs.h.  */
| 
| #define PACKAGE_NAME ""
| #define PACKAGE_TARNAME ""
| #define PACKAGE_VERSION ""
| #define PACKAGE_STRING ""
| #define PACKAGE_BUGREPORT ""
| #define PACKAGE "solid"
| #define VERSION "2.0"
| #ifdef __cplusplus
| #include <stdlib.h>
| #endif
| #define ONUNIX 1
| /* end confdefs.h.  */
| #include <ac_nonexistent.h>
configure:5808: result: gcc -E
configure:5833: gcc -E  conftest.c
configure:5839: $? = 0
configure:5871: gcc -E  conftest.c
configure:5876:28: ac_nonexistent.h: No such file or directory
configure:5877: $? = 1
configure: failed program was:
| #line 5862 "configure"
| /* confdefs.h.  */
| 
| #define PACKAGE_NAME ""
| #define PACKAGE_TARNAME ""
| #define PACKAGE_VERSION ""
| #define PACKAGE_STRING ""
| #define PACKAGE_BUGREPORT ""
| #define PACKAGE "solid"
| #define VERSION "2.0"
| #ifdef __cplusplus
| #include <stdlib.h>
| #endif
| #define ONUNIX 1
| /* end confdefs.h.  */
| #include <ac_nonexistent.h>
configure:5920: checking for egrep
configure:5930: result: grep -E
configure:5935: checking for ANSI C header files
configure:5961: gcc -c -g -O2  conftest.c >&5
configure:5964: $? = 0
configure:5967: test -s conftest.o
configure:5970: $? = 0
configure:6059: gcc -o conftest -g -O2   conftest.c -lfftw3  -L/usr/local/lib -lcblas -latlas  >&5
configure:6062: $? = 0
configure:6064: ./conftest
configure:6067: $? = 0
configure:6082: result: yes
configure:6093: checking for inline
configure:6115: gcc -c -g -O2  conftest.c >&5
configure:6118: $? = 0
configure:6121: test -s conftest.o
configure:6124: $? = 0
configure:6136: result: inline
configure:6151: checking for an ANSI C-conforming const
configure:6219: gcc -c -g -O2  conftest.c >&5
configure:6222: $? = 0
configure:6225: test -s conftest.o
configure:6228: $? = 0
configure:6239: result: yes
configure:6263: checking for sys/types.h
configure:6280: gcc -c -g -O2  conftest.c >&5
configure:6283: $? = 0
configure:6286: test -s conftest.o
configure:6289: $? = 0
configure:6300: result: yes
configure:6263: checking for sys/stat.h
configure:6280: gcc -c -g -O2  conftest.c >&5
configure:6283: $? = 0
configure:6286: test -s conftest.o
configure:6289: $? = 0
configure:6300: result: yes
configure:6263: checking for stdlib.h
configure:6280: gcc -c -g -O2  conftest.c >&5
configure:6283: $? = 0
configure:6286: test -s conftest.o
configure:6289: $? = 0
configure:6300: result: yes
configure:6263: checking for string.h
configure:6280: gcc -c -g -O2  conftest.c >&5
configure:6283: $? = 0
configure:6286: test -s conftest.o
configure:6289: $? = 0
configure:6300: result: yes
configure:6263: checking for memory.h
configure:6280: gcc -c -g -O2  conftest.c >&5
configure:6283: $? = 0
configure:6286: test -s conftest.o
configure:6289: $? = 0
configure:6300: result: yes
configure:6263: checking for strings.h
configure:6280: gcc -c -g -O2  conftest.c >&5
configure:6283: $? = 0
configure:6286: test -s conftest.o
configure:6289: $? = 0
configure:6300: result: yes
configure:6263: checking for inttypes.h
configure:6280: gcc -c -g -O2  conftest.c >&5
configure:6283: $? = 0
configure:6286: test -s conftest.o
configure:6289: $? = 0
configure:6300: result: yes
configure:6263: checking for stdint.h
configure:6280: gcc -c -g -O2  conftest.c >&5
configure:6283: $? = 0
configure:6286: test -s conftest.o
configure:6289: $? = 0
configure:6300: result: yes
configure:6263: checking for unistd.h
configure:6280: gcc -c -g -O2  conftest.c >&5
configure:6283: $? = 0
configure:6286: test -s conftest.o
configure:6289: $? = 0
configure:6300: result: yes
configure:6312: checking for size_t
configure:6337: gcc -c -g -O2  conftest.c >&5
configure:6340: $? = 0
configure:6343: test -s conftest.o
configure:6346: $? = 0
configure:6357: result: yes
configure:6382: checking for a BSD-compatible install
configure:6436: result: /usr/bin/install -c
configure:6447: checking whether ln -s works
configure:6451: result: yes
configure:6500: checking for ranlib
configure:6516: found /usr/bin/ranlib
configure:6527: result: ranlib
configure:6540: checking whether time.h and sys/time.h may both be included
configure:6566: gcc -c -g -O2  conftest.c >&5
configure:6569: $? = 0
configure:6572: test -s conftest.o
configure:6575: $? = 0
configure:6586: result: yes
configure:6610: checking sys/time.h usability
configure:6623: gcc -c -g -O2  conftest.c >&5
configure:6626: $? = 0
configure:6629: test -s conftest.o
configure:6632: $? = 0
configure:6642: result: yes
configure:6646: checking sys/time.h presence
configure:6657: gcc -E  conftest.c
configure:6663: $? = 0
configure:6682: result: yes
configure:6718: checking for sys/time.h
configure:6725: result: yes
configure:6745: checking whether g++ accepts -O3 -fomit-frame-pointer -W -Wcast-qual -Wpointer-arith -Wcast-align -pedantic -fstrict-aliasing -funroll-loops -finline-functions -ftemplate-depth-40 -mcpu=powerpc
configure:6759: result: yes
configure:6913: creating ./config.status

## ---------------------- ##
## Running config.status. ##
## ---------------------- ##

This file was extended by config.status, which was
generated by GNU Autoconf 2.57.  Invocation command line was

  CONFIG_FILES    = 
  CONFIG_HEADERS  = 
  CONFIG_LINKS    = 
  CONFIG_COMMANDS = 
  $ ./config.status 

on zipper.local.

config.status:683: creating Makefile
config.status:683: creating src/Makefile
config.status:787: creating config.h
config.status:898: config.h is unchanged
config.status:1020: executing depfiles commands

## ---------------- ##
## Cache variables. ##
## ---------------- ##

ac_cv_build=powerpc-apple-darwin6.6
ac_cv_build_alias=powerpc-apple-darwin6.6
ac_cv_c_compiler_gnu=yes
ac_cv_c_const=yes
ac_cv_c_inline=inline
ac_cv_cxx_compiler_gnu=yes
ac_cv_env_CC_set=
ac_cv_env_CC_value=
ac_cv_env_CFLAGS_set=
ac_cv_env_CFLAGS_value=
ac_cv_env_CPPFLAGS_set=
ac_cv_env_CPPFLAGS_value=
ac_cv_env_CPP_set=
ac_cv_env_CPP_value=
ac_cv_env_CXXFLAGS_set=
ac_cv_env_CXXFLAGS_value=
ac_cv_env_CXX_set=
ac_cv_env_CXX_value=
ac_cv_env_LDFLAGS_set=
ac_cv_env_LDFLAGS_value=
ac_cv_env_build_alias_set=
ac_cv_env_build_alias_value=
ac_cv_env_host_alias_set=
ac_cv_env_host_alias_value=
ac_cv_env_target_alias_set=
ac_cv_env_target_alias_value=
ac_cv_exeext=
ac_cv_header_inttypes_h=yes
ac_cv_header_memory_h=yes
ac_cv_header_stdc=yes
ac_cv_header_stdint_h=yes
ac_cv_header_stdlib_h=yes
ac_cv_header_string_h=yes
ac_cv_header_strings_h=yes
ac_cv_header_sys_stat_h=yes
ac_cv_header_sys_time_h=yes
ac_cv_header_sys_types_h=yes
ac_cv_header_time=yes
ac_cv_header_unistd_h=yes
ac_cv_host=powerpc-apple-darwin6.6
ac_cv_host_alias=powerpc-apple-darwin6.6
ac_cv_objext=o
ac_cv_path_install='/usr/bin/install -c'
ac_cv_prog_AWK=awk
ac_cv_prog_CPP='gcc -E'
ac_cv_prog_ac_ct_CC=gcc
ac_cv_prog_ac_ct_CXX=g++
ac_cv_prog_ac_ct_RANLIB=ranlib
ac_cv_prog_cc_g=yes
ac_cv_prog_cc_stdc=
ac_cv_prog_cxx_g=yes
ac_cv_prog_egrep='grep -E'
ac_cv_prog_gcc_2_95=yes
ac_cv_prog_make_make_set=yes
ac_cv_search_strerror='none required'
ac_cv_type_size_t=yes
am_cv_CC_dependencies_compiler_type=gcc3
am_cv_CXX_dependencies_compiler_type=gcc3

## ----------------- ##
## Output variables. ##
## ----------------- ##

ACLOCAL='${SHELL} /Users/bo/code/blochlib-1.1/examples/solid-2.0/missing --run aclocal-1.7'
AMDEPBACKSLASH='\'
AMDEP_FALSE='#'
AMDEP_TRUE=''
AMTAR='${SHELL} /Users/bo/code/blochlib-1.1/examples/solid-2.0/missing --run tar'
AUTOCONF='${SHELL} /Users/bo/code/blochlib-1.1/examples/solid-2.0/missing --run autoconf'
AUTOHEADER='${SHELL} /Users/bo/code/blochlib-1.1/examples/solid-2.0/missing --run autoheader'
AUTOMAKE='${SHELL} /Users/bo/code/blochlib-1.1/examples/solid-2.0/missing --run automake-1.7'
AWK='awk'
BLLIB_CXXFLAGS='-I/usr/local/include/blochlib/  -I/usr/local/include'
BLLIB_DIR='-L/usr/local/lib/'
BLLIB_LIBS='-lbloch'
BLLIB_PREFIX='/usr/local'
CC='gcc'
CCDEPMODE='depmode=gcc3'
CFLAGS='-g -O2'
CPP='gcc -E'
CPPFLAGS=''
CXX='g++'
CXXDEPMODE='depmode=gcc3'
CXXFLAGMAXOPT=''
CXXFLAGS='-O3 -fomit-frame-pointer -W -Wcast-qual -Wpointer-arith -Wcast-align -pedantic -fstrict-aliasing -funroll-loops -finline-functions -ftemplate-depth-40 -mcpu=powerpc'
CYGPATH_W='echo'
DEFS='-DHAVE_CONFIG_H'
DEPDIR='.deps'
ECHO_C=''
ECHO_N='-n'
ECHO_T=''
EGREP='grep -E'
EXEEXT=''
FFTWLIBDIR='-L/usr/local/lib'
FFTWLIBS='-lfftw3'
FFTW_INC='-I/usr/local/include'
INSTALL_DATA='${INSTALL} -m 644'
INSTALL_PROGRAM='${INSTALL}'
INSTALL_SCRIPT='${INSTALL}'
INSTALL_STRIP_PROGRAM='${SHELL} $(install_sh) -c -s'
LDFLAGS=''
LIBOBJS=''
LIBS='-lfftw3  -L/usr/local/lib -lcblas -latlas '
LN_S='ln -s'
LTLIBOBJS=''
MAKEINFO='${SHELL} /Users/bo/code/blochlib-1.1/examples/solid-2.0/missing --run makeinfo'
MPICC='g++'
MPILIBDIR=''
MPILIBS=''
MPI_INC=''
OBJEXT='o'
PACKAGE='solid'
PACKAGE_BUGREPORT=''
PACKAGE_NAME=''
PACKAGE_STRING=''
PACKAGE_TARNAME=''
PACKAGE_VERSION=''
PATH_SEPARATOR=':'
RANLIB='ranlib'
SET_MAKE=''
SHELL='/bin/sh'
SOLID_PATH='NONE/bin/solid'
STRIP=''
VERSION='2.0'
ac_ct_CC='gcc'
ac_ct_CXX='g++'
ac_ct_RANLIB='ranlib'
ac_ct_STRIP=''
am__fastdepCC_FALSE='#'
am__fastdepCC_TRUE=''
am__fastdepCXX_FALSE='#'
am__fastdepCXX_TRUE=''
am__include='include'
am__leading_dot='.'
am__quote=''
bindir='${exec_prefix}/bin'
build='powerpc-apple-darwin6.6'
build_alias=''
build_cpu='powerpc'
build_os='darwin6.6'
build_vendor='apple'
datadir='${prefix}/share'
exec_prefix='${prefix}'
host='powerpc-apple-darwin6.6'
host_alias=''
host_cpu='powerpc'
host_os='darwin6.6'
host_vendor='apple'
includedir='${prefix}/include'
infodir='${prefix}/info'
install_sh='/Users/bo/code/blochlib-1.1/examples/solid-2.0/install-sh'
libdir='${exec_prefix}/lib'
libexecdir='${exec_prefix}/libexec'
localstatedir='${prefix}/var'
mandir='${prefix}/man'
oldincludedir='/usr/include'
prefix='/usr/local'
program_transform_name='s,x,x,'
sbindir='${exec_prefix}/sbin'
sharedstatedir='${prefix}/com'
sysconfdir='${prefix}/etc'
target_alias=''

## ----------- ##
## confdefs.h. ##
## ----------- ##

#define HAVE_INTTYPES_H 1
#define HAVE_MEMORY_H 1
#define HAVE_STDINT_H 1
#define HAVE_STDLIB_H 1
#define HAVE_STRINGS_H 1
#define HAVE_STRING_H 1
#define HAVE_SYS_STAT_H 1
#define HAVE_SYS_TIME_H 1
#define HAVE_SYS_TYPES_H 1
#define HAVE_UNISTD_H 1
#define ONUNIX 1
#define PACKAGE "solid"
#define PACKAGE_BUGREPORT ""
#define PACKAGE_NAME ""
#define PACKAGE_STRING ""
#define PACKAGE_TARNAME ""
#define PACKAGE_VERSION ""
#define STDC_HEADERS 1
#define TIME_WITH_SYS_TIME 1
#define VERSION "2.0"
#endif
#ifdef __cplusplus
#include <stdlib.h>

configure: exit 0
