Creating grid....
Creating inital shape....
Creating total shape-grid....
Creating entire spin parameter list for 2 spins....
Setting spin parameters....
Base Bfield=7 (note::not a valid representation Bo() is different everywhere)
Base temperature=300 (note::not a valid representation temp() is different everywhere)
Initial Condition:: All Up
Density BlochParam: Mo=1.06568e-08, moles=0.05, Spin=1H, momentum=1/2, gamma=2.67519e+08
Density BlochParam: Mo=1.06568e-08, moles=0.05, Spin=1H, momentum=1/2, gamma=2.67519e+08
Creating real pulse lists...
Initializing Time train for first Pulse....
Initializing Time train for first Delay....
Initializing Time train for first Pulse....
Initializing Time train for FID....
Setting Interactions....
Initializing total parameter list with a pulse....
Initializing total parameter list for FID collection....

Initial Condition (Mo(0))...
[ 0 0 1.06568e-08 ]
[ 0 0 1.06568e-08 ]
Integrating first Pulse....

Gradient Strength (x,y,z) Gauss/cm ... [ 0 0 0.5 ]

Integrating First Delay ....

Integrating Second Pulse ....

Integrating FID ....

Time taken: 4.875 seconds
