Original SEQ: =0 1 2 3 4 5 6 
Original SEQ: =7 8 0 1 2 3 4 
Original SEQ: =5 6 7 8 0 1 2 
Original SEQ: =3 4 5 6 7 8 0 
Original SEQ: =1 2 3 4 5 6 7 
Original SEQ: =8 0 1 2 3 4 5 
Original SEQ: =6 7 8 0 1 2 3 
Original SEQ: =4 5 6 7 8 0 1 
Original SEQ: =2 3 4 5 6 7 8 
Foward reduction: 700=0 1 
Foward reduction: 1400=0 1 2 
Foward reduction: 2100=0 1 2 3 
Foward reduction: 2800=0 1 2 3 4 
Foward reduction: 3500=0 1 2 3 4 5 
Foward reduction: 4200=0 1 2 3 4 5 6 
Back reduction: -700=7 8 
Back reduction: -1400=6 7 8 
Back reduction: -2100=5 6 7 8 
Back reduction: -2800=4 5 6 7 8 
Back reduction: -3500=3 4 5 6 7 8 
Back reduction: -4200=2 3 4 5 6 7 8 
1 time shift reduction: 47=1 2 3 4 5 6 7 
1 time shift reduction: 94=8 0 1 2 3 4 5 
1 time shift reduction: 141=6 7 8 0 1 2 3 
1 time shift reduction: 188=4 5 6 7 8 0 1 
1 time shift reduction: 235=2 3 4 5 6 7 8 
1 time shift reduction: 282=0 1 2 3 4 5 6 
1 time shift reduction: 329=7 8 0 1 2 3 4 
1 time shift reduction: 376=5 6 7 8 0 1 2 
1 time shift reduction: 423=3 4 5 6 7 8 0 
**timeShiftReduce**
Sequence 0: 282 
Sequence 1: 329 
Sequence 2: 376 
Sequence 3: 423 
Sequence 4: 47 
Sequence 5: 94 
Sequence 6: 141 
Sequence 7: 188 
Sequence 8: 235 
 After First Time Shift Reductions...Number of multiplications: 10

 For a grand total of 10 multipications
 The total Sequence....
Sequence 0: 282  ORDER:: 5
Sequence 1: 329  ORDER:: 6
Sequence 2: 376  ORDER:: 7
Sequence 3: 423  ORDER:: 8
Sequence 4: 47  ORDER:: 0
Sequence 5: 94  ORDER:: 1
Sequence 6: 141  ORDER:: 2
Sequence 7: 188  ORDER:: 3
Sequence 8: 235  ORDER:: 4
